#
# A fatal error has been detected by the Java Runtime Environment:
#
#  Internal Error (javaClasses.cpp:129), pid=6356, tid=1764
#  fatal error: Invalid layout of preloaded class
#
# JRE version: 7.0_10-b18
# Java VM: Java HotSpot(TM) 64-Bit Server VM (23.6-b04 mixed mode windows-amd64 compressed oops)
# Failed to write core dump. Minidumps are not enabled by default on client versions of Windows
#
# If you would like to submit a bug report, please visit:
#   http://bugreport.sun.com/bugreport/crash.jsp
#

---------------  T H R E A D  ---------------

Current thread (0x000000000041d800):  JavaThread "Unknown thread" [_thread_in_vm, id=1764, stack(0x0000000002650000,0x0000000002750000)]

Stack: [0x0000000002650000,0x0000000002750000]

---------------  P R O C E S S  ---------------

Java Threads: ( => current thread )

Other Threads:

=>0x000000000041d800 (exited) JavaThread "Unknown thread" [_thread_in_vm, id=1764, stack(0x0000000002650000,0x0000000002750000)]

VM state:not at safepoint (not fully initialized)

VM Mutex/Monitor currently owned by a thread: None

GC Heap History (0 events):
No events

Deoptimization events (0 events):
No events

Internal exceptions (0 events):
No events

Events (10 events):
Event: 0.422 loading class 0x0000000002609c10 done
Event: 0.422 loading class 0x00000000025c31f0 done
Event: 0.422 loading class 0x00000000025c31c0
Event: 0.422 loading class 0x00000000026150a0
Event: 0.423 loading class 0x00000000026150a0 done
Event: 0.423 loading class 0x00000000026150e0
Event: 0.423 loading class 0x00000000026150e0 done
Event: 0.423 loading class 0x000000000951c7c0
Event: 0.436 loading class 0x000000000951c7c0 done
Event: 0.437 loading class 0x00000000025c31c0 done


Dynamic libraries:
0x000000013fe30000 - 0x000000013fe63000 	C:\Program Files\Java\jre7\bin\javaw.exe
0x0000000077220000 - 0x00000000773c9000 	C:\windows\SYSTEM32\ntdll.dll
0x0000000077000000 - 0x000000007711f000 	C:\windows\system32\kernel32.dll
0x000007fefd210000 - 0x000007fefd27b000 	C:\windows\system32\KERNELBASE.dll
0x000007feff450000 - 0x000007feff52b000 	C:\windows\system32\ADVAPI32.dll
0x000007fefd9d0000 - 0x000007fefda6f000 	C:\windows\system32\msvcrt.dll
0x000007fefeb60000 - 0x000007fefeb7f000 	C:\windows\SYSTEM32\sechost.dll
0x000007fefd5b0000 - 0x000007fefd6dd000 	C:\windows\system32\RPCRT4.dll
0x0000000077120000 - 0x000000007721a000 	C:\windows\system32\USER32.dll
0x000007feff3e0000 - 0x000007feff447000 	C:\windows\system32\GDI32.dll
0x000007feff380000 - 0x000007feff38e000 	C:\windows\system32\LPK.dll
0x000007fefd400000 - 0x000007fefd4c9000 	C:\windows\system32\USP10.dll
0x000007fefb600000 - 0x000007fefb7f4000 	C:\windows\WinSxS\amd64_microsoft.windows.common-controls_6595b64144ccf1df_6.0.7601.17514_none_fa396087175ac9ac\COMCTL32.dll
0x000007fefd6e0000 - 0x000007fefd751000 	C:\windows\system32\SHLWAPI.dll
0x000007fefd760000 - 0x000007fefd78e000 	C:\windows\system32\IMM32.DLL
0x000007fefeb80000 - 0x000007fefec89000 	C:\windows\system32\MSCTF.dll
0x000007fefcf90000 - 0x000007fefcfcc000 	C:\windows\system32\nvinitx.dll
0x0000000065020000 - 0x00000000650f1000 	C:\Program Files\Java\jre7\bin\msvcr100.dll
0x0000000060d50000 - 0x000000006146f000 	C:\Program Files\Java\jre7\bin\server\jvm.dll
0x000007fefab70000 - 0x000007fefab79000 	C:\windows\system32\WSOCK32.dll
0x000007feff390000 - 0x000007feff3dd000 	C:\windows\system32\WS2_32.dll
0x000007fefec90000 - 0x000007fefec98000 	C:\windows\system32\NSI.dll
0x000007fefa7b0000 - 0x000007fefa7eb000 	C:\windows\system32\WINMM.dll
0x00000000773f0000 - 0x00000000773f7000 	C:\windows\system32\PSAPI.DLL
0x0000000065010000 - 0x000000006501f000 	C:\Program Files\Java\jre7\bin\verify.dll
0x0000000064fe0000 - 0x0000000065008000 	C:\Program Files\Java\jre7\bin\java.dll
0x000000005f980000 - 0x000000005f9b5000 	C:\Program Files\Java\jre7\bin\jdwp.dll
0x0000000060750000 - 0x0000000060758000 	C:\Program Files\Java\jre7\bin\npt.dll
0x0000000064fc0000 - 0x0000000064fd5000 	C:\Program Files\Java\jre7\bin\zip.dll

VM Arguments:
jvm_args: -agentlib:jdwp=transport=dt_socket,suspend=y,address=localhost:22932 -Dfile.encoding=GBK -Xbootclasspath:D:\idea\howmanysteps\adt-bundle-windows-x86_64-20130522\sdk\platforms\android-17\android.jar 
java_command: com.xystudio.math.Matrix3x3
Launcher Type: SUN_STANDARD

Environment Variables:
CLASSPATH=.;C:\Program Files (x86)\QuickTime\QTSystem\QTJava.zip
PATH=D:\tutorial\python\;C:\Program Files\Common Files\Microsoft Shared\Windows Live;C:\Program Files (x86)\Common Files\Microsoft Shared\Windows Live;C:\windows\system32;C:\windows;C:\windows\System32\Wbem;C:\windows\System32\WindowsPowerShell\v1.0\;C:\Program Files\Intel\WiFi\bin\;C:\Program Files\Common Files\Intel\WirelessCommon\;C:\Program Files\Lenovo\Bluetooth Software\;C:\Program Files\Lenovo\Bluetooth Software\syswow64;C:\Program Files (x86)\Windows Live\Shared;D:\Program Files\MATLAB\R2009a\bin;D:\Program Files\MATLAB\R2009a\bin\win64;D:\idea\howmanysteps\android-ndk-r8d;C:\Program Files\TortoiseSVN\bin;D:\idea\howmanysteps\cygwin\bin;D:\idea\howmanysteps\adt-bundle-windows-x86_64\sdk\platform-tools;D:\idea\howmanysteps\android-ndk-r8d;C:\Program Files (x86)\Common Files\Autodesk Shared\;C:\Program Files (x86)\Autodesk\Backburner\;c:\Program Files (x86)\Common Files\Ulead Systems\MPEG;C:\Program Files (x86)\QuickTime\QTSystem\
USERNAME=yzx
OS=Windows_NT
PROCESSOR_IDENTIFIER=Intel64 Family 6 Model 42 Stepping 7, GenuineIntel



---------------  S Y S T E M  ---------------

OS: Windows 7 , 64 bit Build 7601 Service Pack 1

CPU:total 8 (4 cores per cpu, 2 threads per core) family 6 model 42 stepping 7, cmov, cx8, fxsr, mmx, sse, sse2, sse3, ssse3, sse4.1, sse4.2, popcnt, avx, ht, tsc, tscinvbit

Memory: 4k page, physical 4136688k(870708k free), swap 8271512k(3295568k free)

vm_info: Java HotSpot(TM) 64-Bit Server VM (23.6-b04) for windows-amd64 JRE (1.7.0_10-b18), built on Nov 28 2012 05:00:40 by "java_re" with unknown MS VC++:1600

time: Thu Jan 30 22:19:42 2014
elapsed time: 0 seconds

